<?xml version="1.0" encoding="UTF-8"?>
<!-- Generated by org.testng.reporters.JUnitXMLReporter -->
<testsuite hostname="ISHU-PC" ignored="3" name="Test1" tests="5" failures="1" timestamp="25 Jun 2018 11:17:53 GMT" time="47.474" errors="0">
  <testcase name="@AfterMethod afterMethod" time="0.575" classname="wdMethods.ProjectMethods">
    <failure type="java.lang.RuntimeException">
      <![CDATA[java.lang.RuntimeException
at utils.Reporter.reportStep(Reporter.java:60)
at wdMethods.SeMethods.closeAllBrowsers(SeMethods.java:385)
at wdMethods.ProjectMethods.afterMethod(ProjectMethods.java:47)
at java.util.concurrent.FutureTask.run(Unknown Source)
at java.util.concurrent.ThreadPoolExecutor.runWorker(Unknown Source)
at java.util.concurrent.ThreadPoolExecutor$Worker.run(Unknown Source)
at java.lang.Thread.run(Unknown Source)
... Removed 19 stack frames]]>
    </failure>
  </testcase> <!-- @AfterMethod afterMethod -->
  <testcase name="@BeforeMethod beforeMethod" time="0.0" classname="wdMethods.ProjectMethods">
    <skipped/>
  </testcase> <!-- @BeforeMethod beforeMethod -->
  <testcase name="@AfterMethod afterMethod" time="0.0" classname="wdMethods.ProjectMethods">
    <skipped/>
  </testcase> <!-- @AfterMethod afterMethod -->
  <testcase name="@BeforeMethod beforeMethod" time="0.0" classname="wdMethods.ProjectMethods">
    <skipped/>
  </testcase> <!-- @BeforeMethod beforeMethod -->
  <testcase name="@AfterMethod afterMethod" time="0.0" classname="wdMethods.ProjectMethods">
    <skipped/>
  </testcase> <!-- @AfterMethod afterMethod -->
  <testcase name="@BeforeMethod beforeMethod" time="0.0" classname="wdMethods.ProjectMethods">
    <skipped/>
  </testcase> <!-- @BeforeMethod beforeMethod -->
  <testcase name="@AfterMethod afterMethod" time="0.0" classname="wdMethods.ProjectMethods">
    <skipped/>
  </testcase> <!-- @AfterMethod afterMethod -->
  <testcase name="createLeads" time="6.022" classname="testcases.TC003_CreateLeads">
    <failure type="java.lang.RuntimeException">
      <![CDATA[java.lang.RuntimeException
at utils.Reporter.reportStep(Reporter.java:60)
at utils.Reporter.reportStep(Reporter.java:70)
at wdMethods.SeMethods.click(SeMethods.java:135)
at pages.LoginPage.clickLogIn(LoginPage.java:42)
at testcases.TC003_CreateLeads.createLeads(TC003_CreateLeads.java:28)
at java.util.concurrent.FutureTask.run(Unknown Source)
at java.util.concurrent.ThreadPoolExecutor.runWorker(Unknown Source)
at java.util.concurrent.ThreadPoolExecutor$Worker.run(Unknown Source)
at java.lang.Thread.run(Unknown Source)
... Removed 16 stack frames]]>
    </failure>
  </testcase> <!-- createLeads -->
  <testcase name="loginAndLogout" time="6.939" classname="testcases.TC002_LoginForFailure"/>
  <testcase name="loginAndLogout" time="0.0" classname="testcases.TC002_LoginForFailure">
    <skipped/>
  </testcase> <!-- loginAndLogout -->
  <testcase name="loginAndLogout" time="0.0" classname="testcases.TC002_LoginForFailure">
    <skipped/>
  </testcase> <!-- loginAndLogout -->
  <testcase name="loginAndLogout" time="0.0" classname="testcases.TC002_LoginForFailure">
    <skipped/>
  </testcase> <!-- loginAndLogout -->
  <testcase name="@AfterTest afterTest" time="0.0" classname="wdMethods.ProjectMethods">
    <ignored/>
  </testcase> <!-- @AfterTest afterTest -->
  <testcase name="@BeforeSuite beforeSuite" time="0.0" classname="wdMethods.ProjectMethods">
    <ignored/>
  </testcase> <!-- @BeforeSuite beforeSuite -->
  <testcase name="@AfterSuite afterSuite" time="0.0" classname="wdMethods.ProjectMethods">
    <ignored/>
  </testcase> <!-- @AfterSuite afterSuite -->
</testsuite> <!-- Test1 -->
